<?xml version="1.0" encoding="UTF-8"?>
<testsuite name="com.sparta.areadevelopment.ControllerTest" tests="1" skipped="0" failures="1" errors="0" timestamp="2024-06-17T04:38:27" hostname="DESKTOP-81F2C9L" time="0.085">
  <properties/>
  <testcase name="Login Test" classname="com.sparta.areadevelopment.ControllerTest" time="0.085">
    <failure message="java.lang.IllegalStateException: Method not found: com.sparta.areadevelopment.Mock.MockSecurityFilter.getFilters(org.springframework.mock.web.MockHttpServletRequest)" type="java.lang.IllegalStateException">java.lang.IllegalStateException: Method not found: com.sparta.areadevelopment.Mock.MockSecurityFilter.getFilters(org.springframework.mock.web.MockHttpServletRequest)
	at org.springframework.util.ReflectionUtils.handleReflectionException(ReflectionUtils.java:104)
	at org.springframework.test.util.ReflectionTestUtils.invokeMethod(ReflectionTestUtils.java:502)
	at org.springframework.test.util.ReflectionTestUtils.invokeMethod(ReflectionTestUtils.java:427)
	at org.springframework.security.test.web.support.WebTestUtils.findFilter(WebTestUtils.java:151)
	at org.springframework.security.test.web.support.WebTestUtils.getSecurityContextRepository(WebTestUtils.java:68)
	at org.springframework.security.test.web.servlet.request.SecurityMockMvcRequestPostProcessors$SecurityContextRequestPostProcessorSupport.save(SecurityMockMvcRequestPostProcessors.java:750)
	at org.springframework.security.test.web.servlet.request.SecurityMockMvcRequestPostProcessors$TestSecurityContextHolderPostProcessor.postProcessRequest(SecurityMockMvcRequestPostProcessors.java:830)
	at org.springframework.test.web.servlet.request.MockHttpServletRequestBuilder.postProcessRequest(MockHttpServletRequestBuilder.java:940)
	at org.springframework.test.web.servlet.MockMvc.perform(MockMvc.java:191)
	at com.sparta.areadevelopment.ControllerTest.testLogin(ControllerTest.java:110)
	at java.base/java.lang.reflect.Method.invoke(Method.java:568)
	at java.base/java.util.ArrayList.forEach(ArrayList.java:1511)
	at java.base/java.util.ArrayList.forEach(ArrayList.java:1511)
</failure>
  </testcase>
  <system-out><![CDATA[13:38:25.363 [Test worker] INFO org.springframework.test.context.support.AnnotationConfigContextLoaderUtils -- Could not detect default configuration classes for test class [com.sparta.areadevelopment.ControllerTest]: ControllerTest does not declare any static, non-private, non-final, nested classes annotated with @Configuration.
13:38:25.481 [Test worker] INFO org.springframework.boot.test.context.SpringBootTestContextBootstrapper -- Found @SpringBootConfiguration com.sparta.areadevelopment.AreadevelopmentApplication for test class com.sparta.areadevelopment.ControllerTest
  .   ____          _            __ _ _
 /\\ / ___'_ __ _ _(_)_ __  __ _ \ \ \ \
( ( )\___ | '_ | '_| | '_ \/ _` | \ \ \ \
 \\/  ___)| |_)| | | | | || (_| |  ) ) ) )
  '  |____| .__|_| |_|_| |_\__, | / / / /
 =========|_|==============|___/=/_/_/_/

 :: Spring Boot ::                (v3.3.0)

2024-06-17T13:38:25.823+09:00  WARN 13708 --- [Areadevelopment] [    Test worker] ory$DuplicateJsonObjectContextCustomizer : 

Found multiple occurrences of org.json.JSONObject on the class path:

	jar:file:/C:/Users/user/.gradle/caches/modules-2/files-2.1/org.json/json/20230227/7a0d4aca76513d8ce81f9b044ce8126b84809ad8/json-20230227.jar!/org/json/JSONObject.class
	jar:file:/C:/Users/user/.gradle/caches/modules-2/files-2.1/com.vaadin.external.google/android-json/0.0.20131108.vaadin1/fa26d351fe62a6a17f5cda1287c1c6110dec413f/android-json-0.0.20131108.vaadin1.jar!/org/json/JSONObject.class

You may wish to exclude one of them to ensure predictable runtime behavior

2024-06-17T13:38:25.833+09:00  INFO 13708 --- [Areadevelopment] [    Test worker] c.sparta.areadevelopment.ControllerTest  : Starting ControllerTest using Java 17.0.10 with PID 13708 (started by user in D:\spajava\AreadevelopmentFork\Areadevelopment\Areadevelopment)
2024-06-17T13:38:25.835+09:00  INFO 13708 --- [Areadevelopment] [    Test worker] c.sparta.areadevelopment.ControllerTest  : No active profile set, falling back to 1 default profile: "default"
2024-06-17T13:38:27.531+09:00  WARN 13708 --- [Areadevelopment] [    Test worker] ion$DefaultTemplateResolverConfiguration : Cannot find template location: classpath:/templates/ (please add some templates, check your Thymeleaf configuration, or set spring.thymeleaf.check-template-location=false)
2024-06-17T13:38:27.575+09:00  WARN 13708 --- [Areadevelopment] [    Test worker] .s.s.UserDetailsServiceAutoConfiguration : 

Using generated security password: 48690e7b-c9aa-419a-900f-aa29593582a6

This generated password is for development use only. Your security configuration must be updated before running your application in production.

2024-06-17T13:38:27.578+09:00  WARN 13708 --- [Areadevelopment] [    Test worker] r$InitializeUserDetailsManagerConfigurer : Found 2 UserDetailsService beans, with names [inMemoryUserDetailsManager, com.sparta.areadevelopment.service.CustomUserDetailsService#0]. Global Authentication Manager will not use a UserDetailsService for username/password login. Consider publishing a single UserDetailsService bean.
2024-06-17T13:38:27.665+09:00  INFO 13708 --- [Areadevelopment] [    Test worker] o.s.s.web.DefaultSecurityFilterChain     : Will secure any request with [org.springframework.security.web.session.DisableEncodeUrlFilter@380fdcf2, org.springframework.security.web.context.request.async.WebAsyncManagerIntegrationFilter@114b203, org.springframework.security.web.context.SecurityContextHolderFilter@12be4f83, org.springframework.security.web.header.HeaderWriterFilter@2e0652ab, org.springframework.web.filter.CorsFilter@8d810f2, org.springframework.security.web.csrf.CsrfFilter@2965dd88, org.springframework.security.web.authentication.logout.LogoutFilter@1e258d3b, org.springframework.security.web.authentication.UsernamePasswordAuthenticationFilter@1b25d695, org.springframework.security.web.authentication.ui.DefaultLoginPageGeneratingFilter@32328dc4, org.springframework.security.web.authentication.ui.DefaultLogoutPageGeneratingFilter@537b3be1, org.springframework.security.web.authentication.www.BasicAuthenticationFilter@45bf93bb, org.springframework.security.web.savedrequest.RequestCacheAwareFilter@389008d1, org.springframework.security.web.servletapi.SecurityContextHolderAwareRequestFilter@11adab6d, org.springframework.security.web.authentication.AnonymousAuthenticationFilter@15d58530, org.springframework.security.web.access.ExceptionTranslationFilter@4b9f7edc, org.springframework.security.web.access.intercept.AuthorizationFilter@18cbc3c2]
2024-06-17T13:38:27.712+09:00  INFO 13708 --- [Areadevelopment] [    Test worker] o.s.b.t.m.w.SpringBootMockServletContext : Initializing Spring TestDispatcherServlet ''
2024-06-17T13:38:27.713+09:00  INFO 13708 --- [Areadevelopment] [    Test worker] o.s.t.web.servlet.TestDispatcherServlet  : Initializing Servlet ''
2024-06-17T13:38:27.714+09:00  INFO 13708 --- [Areadevelopment] [    Test worker] o.s.t.web.servlet.TestDispatcherServlet  : Completed initialization in 1 ms
2024-06-17T13:38:27.742+09:00  INFO 13708 --- [Areadevelopment] [    Test worker] c.sparta.areadevelopment.ControllerTest  : Started ControllerTest in 2.183 seconds (process running for 3.312)
2024-06-17T13:38:27.781+09:00  INFO 13708 --- [Areadevelopment] [    Test worker] o.s.b.t.m.w.SpringBootMockServletContext : Initializing Spring TestDispatcherServlet ''
2024-06-17T13:38:27.782+09:00  INFO 13708 --- [Areadevelopment] [    Test worker] o.s.t.web.servlet.TestDispatcherServlet  : Initializing Servlet ''
2024-06-17T13:38:27.783+09:00  INFO 13708 --- [Areadevelopment] [    Test worker] o.s.t.web.servlet.TestDispatcherServlet  : Completed initialization in 1 ms
]]></system-out>
  <system-err><![CDATA[]]></system-err>
</testsuite>
